build/app/intermediates/manifest_merge_blame_file/debug/manifest-merger-blame-debug-report.txt
1<?xml version="1.0" encoding="utf-8"?>
2<manifest xmlns:android="http://schemas.android.com/apk/res/android"
3    package="com.flutterflow.finwallet"
4    android:versionCode="1"
5    android:versionName="1.0.0" >
6
7    <uses-sdk
8        android:minSdkVersion="21"
9        android:targetSdkVersion="34" />
10    <!--
11         Flutter needs it to communicate with the running application
12         to allow setting breakpoints, to provide hot reload, etc.
13    -->
14    <uses-permission android:name="android.permission.INTERNET" />
14-->src\main\AndroidManifest.xml:4:5-66
14-->src\main\AndroidManifest.xml:4:22-64
15    <uses-permission android:name="android.permission.CAMERA" />
15-->src\main\AndroidManifest.xml:5:5-64
15-->src\main\AndroidManifest.xml:5:22-62
16    <uses-permission
16-->src\main\AndroidManifest.xml:6:5-80
17        android:name="android.permission.READ_EXTERNAL_STORAGE"
17-->src\main\AndroidManifest.xml:6:22-77
18        android:maxSdkVersion="32" />
18-->[:file_picker] AndroidManifest.xml:11:9-35
19    <uses-permission android:name="android.permission.WRITE_EXTERNAL_STORAGE" />
19-->src\main\AndroidManifest.xml:7:5-81
19-->src\main\AndroidManifest.xml:7:22-78
20
21    <queries>
21-->[:file_picker] AndroidManifest.xml:13:5-19:15
22        <intent>
22-->[:file_picker] AndroidManifest.xml:14:9-18:18
23            <action android:name="android.intent.action.GET_CONTENT" />
23-->[:file_picker] AndroidManifest.xml:15:13-72
23-->[:file_picker] AndroidManifest.xml:15:21-69
24
25            <data android:mimeType="*/*" />
25-->src\main\AndroidManifest.xml:50:17-89
26        </intent>
27    </queries>
28
29    <uses-permission android:name="android.permission.ACCESS_NETWORK_STATE" />
29-->[com.google.firebase:firebase-auth:22.3.1] AndroidManifest.xml:26:5-79
29-->[com.google.firebase:firebase-auth:22.3.1] AndroidManifest.xml:26:22-76
30    <uses-permission android:name="com.google.android.providers.gsf.permission.READ_GSERVICES" />
30-->[com.google.android.recaptcha:recaptcha:18.4.0] AndroidManifest.xml:9:5-98
30-->[com.google.android.recaptcha:recaptcha:18.4.0] AndroidManifest.xml:9:22-95
31
32    <permission
32-->[androidx.core:core:1.10.1] AndroidManifest.xml:22:5-24:47
33        android:name="com.flutterflow.finwallet.DYNAMIC_RECEIVER_NOT_EXPORTED_PERMISSION"
33-->[androidx.core:core:1.10.1] AndroidManifest.xml:23:9-81
34        android:protectionLevel="signature" />
34-->[androidx.core:core:1.10.1] AndroidManifest.xml:24:9-44
35
36    <uses-permission android:name="com.flutterflow.finwallet.DYNAMIC_RECEIVER_NOT_EXPORTED_PERMISSION" />
36-->[androidx.core:core:1.10.1] AndroidManifest.xml:26:5-97
36-->[androidx.core:core:1.10.1] AndroidManifest.xml:26:22-94
37
38    <application
38-->src\main\AndroidManifest.xml:9:5-63:19
39        android:appComponentFactory="androidx.core.app.CoreComponentFactory"
39-->[androidx.core:core:1.10.1] AndroidManifest.xml:28:18-86
40        android:debuggable="true"
41        android:icon="@mipmap/ic_launcher"
41-->src\main\AndroidManifest.xml:12:9-43
42        android:label="ProyectoMovil"
42-->src\main\AndroidManifest.xml:10:9-38
43        android:requestLegacyExternalStorage="true" >
43-->src\main\AndroidManifest.xml:13:9-52
44        <activity
44-->src\main\AndroidManifest.xml:15:9-53:20
45            android:name="com.flutterflow.finwallet.MainActivity"
45-->src\main\AndroidManifest.xml:16:13-41
46            android:configChanges="orientation|keyboardHidden|keyboard|screenSize|smallestScreenSize|locale|layoutDirection|fontScale|screenLayout|density|uiMode"
46-->src\main\AndroidManifest.xml:20:13-163
47            android:exported="true"
47-->src\main\AndroidManifest.xml:17:13-36
48            android:hardwareAccelerated="true"
48-->src\main\AndroidManifest.xml:21:13-47
49            android:launchMode="singleTop"
49-->src\main\AndroidManifest.xml:18:13-43
50            android:theme="@style/LaunchTheme"
50-->src\main\AndroidManifest.xml:19:13-47
51            android:windowSoftInputMode="adjustResize" >
51-->src\main\AndroidManifest.xml:22:13-55
52
53            <!--
54                 Specifies an Android theme to apply to this Activity as soon as
55                 the Android process has started. This theme is visible to the user
56                 while the Flutter UI initializes. After that, this theme continues
57                 to determine the Window background behind the Flutter UI.
58            -->
59            <meta-data
59-->src\main\AndroidManifest.xml:27:13-30:17
60                android:name="io.flutter.embedding.android.NormalTheme"
60-->src\main\AndroidManifest.xml:28:15-70
61                android:resource="@style/NormalTheme" />
61-->src\main\AndroidManifest.xml:29:15-52
62            <!--
63                 Displays an Android View that continues showing the launch screen
64                 Drawable until Flutter paints its first frame, then this splash
65                 screen fades out. A splash screen is useful to avoid any visual
66                 gap between the end of Android's launch screen and the painting of
67                 Flutter's first frame.
68            -->
69            <meta-data
69-->src\main\AndroidManifest.xml:36:13-39:17
70                android:name="io.flutter.embedding.android.SplashScreenDrawable"
70-->src\main\AndroidManifest.xml:37:15-79
71                android:resource="@drawable/launch_background" />
71-->src\main\AndroidManifest.xml:38:15-61
72
73            <intent-filter>
73-->src\main\AndroidManifest.xml:40:13-43:29
74                <action android:name="android.intent.action.MAIN" />
74-->src\main\AndroidManifest.xml:41:17-68
74-->src\main\AndroidManifest.xml:41:25-66
75
76                <category android:name="android.intent.category.LAUNCHER" />
76-->src\main\AndroidManifest.xml:42:17-76
76-->src\main\AndroidManifest.xml:42:27-74
77            </intent-filter>
78            <!-- Deep linking -->
79            <meta-data
79-->src\main\AndroidManifest.xml:45:13-90
80                android:name="flutter_deeplinking_enabled"
80-->src\main\AndroidManifest.xml:45:24-66
81                android:value="true" />
81-->src\main\AndroidManifest.xml:45:67-87
82
83            <intent-filter android:autoVerify="true" >
83-->src\main\AndroidManifest.xml:46:13-51:29
83-->src\main\AndroidManifest.xml:46:28-53
84                <action android:name="android.intent.action.VIEW" />
84-->src\main\AndroidManifest.xml:47:17-69
84-->src\main\AndroidManifest.xml:47:25-66
85
86                <category android:name="android.intent.category.DEFAULT" />
86-->src\main\AndroidManifest.xml:48:17-76
86-->src\main\AndroidManifest.xml:48:27-73
87                <category android:name="android.intent.category.BROWSABLE" />
87-->src\main\AndroidManifest.xml:49:17-78
87-->src\main\AndroidManifest.xml:49:27-75
88
89                <data
89-->src\main\AndroidManifest.xml:50:17-89
90                    android:host="proyectomovil.com"
90-->src\main\AndroidManifest.xml:50:54-86
91                    android:scheme="proyectomovil" />
91-->src\main\AndroidManifest.xml:50:23-53
92            </intent-filter>
93        </activity>
94
95        <!--
96             Don't delete the meta-data below.
97             This is used by the Flutter tool to generate GeneratedPluginRegistrant.java
98        -->
99        <meta-data
99-->src\main\AndroidManifest.xml:57:9-59:33
100            android:name="flutterEmbedding"
100-->src\main\AndroidManifest.xml:58:13-44
101            android:value="2" />
101-->src\main\AndroidManifest.xml:59:13-30
102
103        <service
103-->[:firebase_performance] AndroidManifest.xml:12:9-16:19
104            android:name="com.google.firebase.components.ComponentDiscoveryService"
104-->[:firebase_performance] AndroidManifest.xml:12:18-89
105            android:directBootAware="true"
105-->[com.google.firebase:firebase-common:20.4.2] AndroidManifest.xml:32:13-43
106            android:exported="false" >
106-->[com.google.firebase:firebase-perf:20.5.1] AndroidManifest.xml:13:13-37
107            <meta-data
107-->[:firebase_performance] AndroidManifest.xml:13:13-15:85
108                android:name="com.google.firebase.components:io.flutter.plugins.firebase.performance.FlutterFirebaseAppRegistrar"
108-->[:firebase_performance] AndroidManifest.xml:14:17-130
109                android:value="com.google.firebase.components.ComponentRegistrar" />
109-->[:firebase_performance] AndroidManifest.xml:15:17-82
110            <meta-data
110-->[:cloud_firestore] AndroidManifest.xml:11:13-13:85
111                android:name="com.google.firebase.components:io.flutter.plugins.firebase.firestore.FlutterFirebaseFirestoreRegistrar"
111-->[:cloud_firestore] AndroidManifest.xml:12:17-134
112                android:value="com.google.firebase.components.ComponentRegistrar" />
112-->[:cloud_firestore] AndroidManifest.xml:13:17-82
113            <meta-data
113-->[:firebase_auth] AndroidManifest.xml:11:13-13:85
114                android:name="com.google.firebase.components:io.flutter.plugins.firebase.auth.FlutterFirebaseAuthRegistrar"
114-->[:firebase_auth] AndroidManifest.xml:12:17-124
115                android:value="com.google.firebase.components.ComponentRegistrar" />
115-->[:firebase_auth] AndroidManifest.xml:13:17-82
116            <meta-data
116-->[:firebase_storage] AndroidManifest.xml:11:13-13:85
117                android:name="com.google.firebase.components:io.flutter.plugins.firebase.storage.FlutterFirebaseAppRegistrar"
117-->[:firebase_storage] AndroidManifest.xml:12:17-126
118                android:value="com.google.firebase.components.ComponentRegistrar" />
118-->[:firebase_storage] AndroidManifest.xml:13:17-82
119            <meta-data
119-->[:firebase_core] AndroidManifest.xml:11:13-13:85
120                android:name="com.google.firebase.components:io.flutter.plugins.firebase.core.FlutterFirebaseCoreRegistrar"
120-->[:firebase_core] AndroidManifest.xml:12:17-124
121                android:value="com.google.firebase.components.ComponentRegistrar" />
121-->[:firebase_core] AndroidManifest.xml:13:17-82
122            <meta-data
122-->[com.google.firebase:firebase-perf:20.5.1] AndroidManifest.xml:14:13-16:85
123                android:name="com.google.firebase.components:com.google.firebase.perf.FirebasePerfKtxRegistrar"
123-->[com.google.firebase:firebase-perf:20.5.1] AndroidManifest.xml:15:17-112
124                android:value="com.google.firebase.components.ComponentRegistrar" />
124-->[com.google.firebase:firebase-perf:20.5.1] AndroidManifest.xml:16:17-82
125            <meta-data
125-->[com.google.firebase:firebase-perf:20.5.1] AndroidManifest.xml:17:13-19:85
126                android:name="com.google.firebase.components:com.google.firebase.perf.FirebasePerfRegistrar"
126-->[com.google.firebase:firebase-perf:20.5.1] AndroidManifest.xml:18:17-109
127                android:value="com.google.firebase.components.ComponentRegistrar" />
127-->[com.google.firebase:firebase-perf:20.5.1] AndroidManifest.xml:19:17-82
128            <meta-data
128-->[com.google.firebase:firebase-sessions:1.2.0] AndroidManifest.xml:29:13-31:85
129                android:name="com.google.firebase.components:com.google.firebase.sessions.FirebaseSessionsRegistrar"
129-->[com.google.firebase:firebase-sessions:1.2.0] AndroidManifest.xml:30:17-117
130                android:value="com.google.firebase.components.ComponentRegistrar" />
130-->[com.google.firebase:firebase-sessions:1.2.0] AndroidManifest.xml:31:17-82
131            <meta-data
131-->[com.google.firebase:firebase-auth:22.3.1] AndroidManifest.xml:69:13-71:85
132                android:name="com.google.firebase.components:com.google.firebase.auth.FirebaseAuthRegistrar"
132-->[com.google.firebase:firebase-auth:22.3.1] AndroidManifest.xml:70:17-109
133                android:value="com.google.firebase.components.ComponentRegistrar" />
133-->[com.google.firebase:firebase-auth:22.3.1] AndroidManifest.xml:71:17-82
134            <meta-data
134-->[com.google.firebase:firebase-firestore:24.10.1] AndroidManifest.xml:17:13-19:85
135                android:name="com.google.firebase.components:com.google.firebase.firestore.FirebaseFirestoreKtxRegistrar"
135-->[com.google.firebase:firebase-firestore:24.10.1] AndroidManifest.xml:18:17-122
136                android:value="com.google.firebase.components.ComponentRegistrar" />
136-->[com.google.firebase:firebase-firestore:24.10.1] AndroidManifest.xml:19:17-82
137            <meta-data
137-->[com.google.firebase:firebase-firestore:24.10.1] AndroidManifest.xml:20:13-22:85
138                android:name="com.google.firebase.components:com.google.firebase.firestore.FirestoreRegistrar"
138-->[com.google.firebase:firebase-firestore:24.10.1] AndroidManifest.xml:21:17-111
139                android:value="com.google.firebase.components.ComponentRegistrar" />
139-->[com.google.firebase:firebase-firestore:24.10.1] AndroidManifest.xml:22:17-82
140            <meta-data
140-->[com.google.firebase:firebase-storage:20.3.0] AndroidManifest.xml:30:13-32:85
141                android:name="com.google.firebase.components:com.google.firebase.storage.FirebaseStorageKtxRegistrar"
141-->[com.google.firebase:firebase-storage:20.3.0] AndroidManifest.xml:31:17-118
142                android:value="com.google.firebase.components.ComponentRegistrar" />
142-->[com.google.firebase:firebase-storage:20.3.0] AndroidManifest.xml:32:17-82
143            <meta-data
143-->[com.google.firebase:firebase-storage:20.3.0] AndroidManifest.xml:33:13-35:85
144                android:name="com.google.firebase.components:com.google.firebase.storage.StorageRegistrar"
144-->[com.google.firebase:firebase-storage:20.3.0] AndroidManifest.xml:34:17-107
145                android:value="com.google.firebase.components.ComponentRegistrar" />
145-->[com.google.firebase:firebase-storage:20.3.0] AndroidManifest.xml:35:17-82
146            <meta-data
146-->[com.google.firebase:firebase-config:21.6.0] AndroidManifest.xml:29:13-31:85
147                android:name="com.google.firebase.components:com.google.firebase.remoteconfig.FirebaseRemoteConfigKtxRegistrar"
147-->[com.google.firebase:firebase-config:21.6.0] AndroidManifest.xml:30:17-128
148                android:value="com.google.firebase.components.ComponentRegistrar" />
148-->[com.google.firebase:firebase-config:21.6.0] AndroidManifest.xml:31:17-82
149            <meta-data
149-->[com.google.firebase:firebase-config:21.6.0] AndroidManifest.xml:32:13-34:85
150                android:name="com.google.firebase.components:com.google.firebase.remoteconfig.RemoteConfigRegistrar"
150-->[com.google.firebase:firebase-config:21.6.0] AndroidManifest.xml:33:17-117
151                android:value="com.google.firebase.components.ComponentRegistrar" />
151-->[com.google.firebase:firebase-config:21.6.0] AndroidManifest.xml:34:17-82
152            <meta-data
152-->[com.google.firebase:firebase-installations:17.2.0] AndroidManifest.xml:15:13-17:85
153                android:name="com.google.firebase.components:com.google.firebase.installations.FirebaseInstallationsKtxRegistrar"
153-->[com.google.firebase:firebase-installations:17.2.0] AndroidManifest.xml:16:17-130
154                android:value="com.google.firebase.components.ComponentRegistrar" />
154-->[com.google.firebase:firebase-installations:17.2.0] AndroidManifest.xml:17:17-82
155            <meta-data
155-->[com.google.firebase:firebase-installations:17.2.0] AndroidManifest.xml:18:13-20:85
156                android:name="com.google.firebase.components:com.google.firebase.installations.FirebaseInstallationsRegistrar"
156-->[com.google.firebase:firebase-installations:17.2.0] AndroidManifest.xml:19:17-127
157                android:value="com.google.firebase.components.ComponentRegistrar" />
157-->[com.google.firebase:firebase-installations:17.2.0] AndroidManifest.xml:20:17-82
158            <meta-data
158-->[com.google.firebase:firebase-appcheck:17.1.1] AndroidManifest.xml:25:13-27:85
159                android:name="com.google.firebase.components:com.google.firebase.appcheck.FirebaseAppCheckKtxRegistrar"
159-->[com.google.firebase:firebase-appcheck:17.1.1] AndroidManifest.xml:26:17-120
160                android:value="com.google.firebase.components.ComponentRegistrar" />
160-->[com.google.firebase:firebase-appcheck:17.1.1] AndroidManifest.xml:27:17-82
161            <meta-data
161-->[com.google.firebase:firebase-appcheck:17.1.1] AndroidManifest.xml:28:13-30:85
162                android:name="com.google.firebase.components:com.google.firebase.appcheck.FirebaseAppCheckRegistrar"
162-->[com.google.firebase:firebase-appcheck:17.1.1] AndroidManifest.xml:29:17-117
163                android:value="com.google.firebase.components.ComponentRegistrar" />
163-->[com.google.firebase:firebase-appcheck:17.1.1] AndroidManifest.xml:30:17-82
164            <meta-data
164-->[com.google.firebase:firebase-common-ktx:20.4.2] AndroidManifest.xml:12:13-14:85
165                android:name="com.google.firebase.components:com.google.firebase.ktx.FirebaseCommonLegacyRegistrar"
165-->[com.google.firebase:firebase-common-ktx:20.4.2] AndroidManifest.xml:13:17-116
166                android:value="com.google.firebase.components.ComponentRegistrar" />
166-->[com.google.firebase:firebase-common-ktx:20.4.2] AndroidManifest.xml:14:17-82
167            <meta-data
167-->[com.google.firebase:firebase-datatransport:18.1.8] AndroidManifest.xml:27:13-29:85
168                android:name="com.google.firebase.components:com.google.firebase.datatransport.TransportRegistrar"
168-->[com.google.firebase:firebase-datatransport:18.1.8] AndroidManifest.xml:28:17-115
169                android:value="com.google.firebase.components.ComponentRegistrar" />
169-->[com.google.firebase:firebase-datatransport:18.1.8] AndroidManifest.xml:29:17-82
170            <meta-data
170-->[com.google.firebase:firebase-common:20.4.2] AndroidManifest.xml:35:13-37:85
171                android:name="com.google.firebase.components:com.google.firebase.FirebaseCommonKtxRegistrar"
171-->[com.google.firebase:firebase-common:20.4.2] AndroidManifest.xml:36:17-109
172                android:value="com.google.firebase.components.ComponentRegistrar" />
172-->[com.google.firebase:firebase-common:20.4.2] AndroidManifest.xml:37:17-82
173            <meta-data
173-->[com.google.firebase:firebase-abt:21.1.1] AndroidManifest.xml:12:13-14:85
174                android:name="com.google.firebase.components:com.google.firebase.abt.component.AbtRegistrar"
174-->[com.google.firebase:firebase-abt:21.1.1] AndroidManifest.xml:13:17-109
175                android:value="com.google.firebase.components.ComponentRegistrar" />
175-->[com.google.firebase:firebase-abt:21.1.1] AndroidManifest.xml:14:17-82
176        </service>
177
178        <provider
178-->[:image_picker_android] AndroidManifest.xml:10:9-18:20
179            android:name="io.flutter.plugins.imagepicker.ImagePickerFileProvider"
179-->[:image_picker_android] AndroidManifest.xml:11:13-82
180            android:authorities="com.flutterflow.finwallet.flutter.image_provider"
180-->[:image_picker_android] AndroidManifest.xml:12:13-74
181            android:exported="false"
181-->[:image_picker_android] AndroidManifest.xml:13:13-37
182            android:grantUriPermissions="true" >
182-->[:image_picker_android] AndroidManifest.xml:14:13-47
183            <meta-data
183-->[:image_picker_android] AndroidManifest.xml:15:13-17:75
184                android:name="android.support.FILE_PROVIDER_PATHS"
184-->[:image_picker_android] AndroidManifest.xml:16:17-67
185                android:resource="@xml/flutter_image_picker_file_paths" />
185-->[:image_picker_android] AndroidManifest.xml:17:17-72
186        </provider>
187
188        <activity
188-->[:url_launcher_android] AndroidManifest.xml:10:9-13:74
189            android:name="io.flutter.plugins.urllauncher.WebViewActivity"
189-->[:url_launcher_android] AndroidManifest.xml:11:13-74
190            android:exported="false"
190-->[:url_launcher_android] AndroidManifest.xml:12:13-37
191            android:theme="@android:style/Theme.NoTitleBar.Fullscreen" />
191-->[:url_launcher_android] AndroidManifest.xml:13:13-71
192
193        <service
193-->[com.google.firebase:firebase-sessions:1.2.0] AndroidManifest.xml:22:9-25:40
194            android:name="com.google.firebase.sessions.SessionLifecycleService"
194-->[com.google.firebase:firebase-sessions:1.2.0] AndroidManifest.xml:23:13-80
195            android:enabled="true"
195-->[com.google.firebase:firebase-sessions:1.2.0] AndroidManifest.xml:24:13-35
196            android:exported="false" />
196-->[com.google.firebase:firebase-sessions:1.2.0] AndroidManifest.xml:25:13-37
197
198        <activity
198-->[com.google.firebase:firebase-auth:22.3.1] AndroidManifest.xml:29:9-46:20
199            android:name="com.google.firebase.auth.internal.GenericIdpActivity"
199-->[com.google.firebase:firebase-auth:22.3.1] AndroidManifest.xml:30:13-80
200            android:excludeFromRecents="true"
200-->[com.google.firebase:firebase-auth:22.3.1] AndroidManifest.xml:31:13-46
201            android:exported="true"
201-->[com.google.firebase:firebase-auth:22.3.1] AndroidManifest.xml:32:13-36
202            android:launchMode="singleTask"
202-->[com.google.firebase:firebase-auth:22.3.1] AndroidManifest.xml:33:13-44
203            android:theme="@android:style/Theme.Translucent.NoTitleBar" >
203-->[com.google.firebase:firebase-auth:22.3.1] AndroidManifest.xml:34:13-72
204            <intent-filter>
204-->[com.google.firebase:firebase-auth:22.3.1] AndroidManifest.xml:35:13-45:29
205                <action android:name="android.intent.action.VIEW" />
205-->src\main\AndroidManifest.xml:47:17-69
205-->src\main\AndroidManifest.xml:47:25-66
206
207                <category android:name="android.intent.category.DEFAULT" />
207-->src\main\AndroidManifest.xml:48:17-76
207-->src\main\AndroidManifest.xml:48:27-73
208                <category android:name="android.intent.category.BROWSABLE" />
208-->src\main\AndroidManifest.xml:49:17-78
208-->src\main\AndroidManifest.xml:49:27-75
209
210                <data
210-->src\main\AndroidManifest.xml:50:17-89
211                    android:host="firebase.auth"
211-->src\main\AndroidManifest.xml:50:54-86
212                    android:path="/"
213                    android:scheme="genericidp" />
213-->src\main\AndroidManifest.xml:50:23-53
214            </intent-filter>
215        </activity>
216        <activity
216-->[com.google.firebase:firebase-auth:22.3.1] AndroidManifest.xml:47:9-64:20
217            android:name="com.google.firebase.auth.internal.RecaptchaActivity"
217-->[com.google.firebase:firebase-auth:22.3.1] AndroidManifest.xml:48:13-79
218            android:excludeFromRecents="true"
218-->[com.google.firebase:firebase-auth:22.3.1] AndroidManifest.xml:49:13-46
219            android:exported="true"
219-->[com.google.firebase:firebase-auth:22.3.1] AndroidManifest.xml:50:13-36
220            android:launchMode="singleTask"
220-->[com.google.firebase:firebase-auth:22.3.1] AndroidManifest.xml:51:13-44
221            android:theme="@android:style/Theme.Translucent.NoTitleBar" >
221-->[com.google.firebase:firebase-auth:22.3.1] AndroidManifest.xml:52:13-72
222            <intent-filter>
222-->[com.google.firebase:firebase-auth:22.3.1] AndroidManifest.xml:53:13-63:29
223                <action android:name="android.intent.action.VIEW" />
223-->src\main\AndroidManifest.xml:47:17-69
223-->src\main\AndroidManifest.xml:47:25-66
224
225                <category android:name="android.intent.category.DEFAULT" />
225-->src\main\AndroidManifest.xml:48:17-76
225-->src\main\AndroidManifest.xml:48:27-73
226                <category android:name="android.intent.category.BROWSABLE" />
226-->src\main\AndroidManifest.xml:49:17-78
226-->src\main\AndroidManifest.xml:49:27-75
227
228                <data
228-->src\main\AndroidManifest.xml:50:17-89
229                    android:host="firebase.auth"
229-->src\main\AndroidManifest.xml:50:54-86
230                    android:path="/"
231                    android:scheme="recaptcha" />
231-->src\main\AndroidManifest.xml:50:23-53
232            </intent-filter>
233        </activity>
234
235        <service
235-->[com.google.android.datatransport:transport-backend-cct:3.1.9] AndroidManifest.xml:28:9-34:19
236            android:name="com.google.android.datatransport.runtime.backends.TransportBackendDiscovery"
236-->[com.google.android.datatransport:transport-backend-cct:3.1.9] AndroidManifest.xml:29:13-103
237            android:exported="false" >
237-->[com.google.android.datatransport:transport-backend-cct:3.1.9] AndroidManifest.xml:30:13-37
238            <meta-data
238-->[com.google.android.datatransport:transport-backend-cct:3.1.9] AndroidManifest.xml:31:13-33:39
239                android:name="backend:com.google.android.datatransport.cct.CctBackendFactory"
239-->[com.google.android.datatransport:transport-backend-cct:3.1.9] AndroidManifest.xml:32:17-94
240                android:value="cct" />
240-->[com.google.android.datatransport:transport-backend-cct:3.1.9] AndroidManifest.xml:33:17-36
241        </service>
242
243        <activity
243-->[com.google.android.gms:play-services-auth:20.7.0] AndroidManifest.xml:23:9-27:75
244            android:name="com.google.android.gms.auth.api.signin.internal.SignInHubActivity"
244-->[com.google.android.gms:play-services-auth:20.7.0] AndroidManifest.xml:24:13-93
245            android:excludeFromRecents="true"
245-->[com.google.android.gms:play-services-auth:20.7.0] AndroidManifest.xml:25:13-46
246            android:exported="false"
246-->[com.google.android.gms:play-services-auth:20.7.0] AndroidManifest.xml:26:13-37
247            android:theme="@android:style/Theme.Translucent.NoTitleBar" />
247-->[com.google.android.gms:play-services-auth:20.7.0] AndroidManifest.xml:27:13-72
248        <!--
249            Service handling Google Sign-In user revocation. For apps that do not integrate with
250            Google Sign-In, this service will never be started.
251        -->
252        <service
252-->[com.google.android.gms:play-services-auth:20.7.0] AndroidManifest.xml:33:9-37:51
253            android:name="com.google.android.gms.auth.api.signin.RevocationBoundService"
253-->[com.google.android.gms:play-services-auth:20.7.0] AndroidManifest.xml:34:13-89
254            android:exported="true"
254-->[com.google.android.gms:play-services-auth:20.7.0] AndroidManifest.xml:35:13-36
255            android:permission="com.google.android.gms.auth.api.signin.permission.REVOCATION_NOTIFICATION"
255-->[com.google.android.gms:play-services-auth:20.7.0] AndroidManifest.xml:36:13-107
256            android:visibleToInstantApps="true" />
256-->[com.google.android.gms:play-services-auth:20.7.0] AndroidManifest.xml:37:13-48
257
258        <activity
258-->[com.google.android.gms:play-services-base:18.0.1] AndroidManifest.xml:20:9-22:45
259            android:name="com.google.android.gms.common.api.GoogleApiActivity"
259-->[com.google.android.gms:play-services-base:18.0.1] AndroidManifest.xml:20:19-85
260            android:exported="false"
260-->[com.google.android.gms:play-services-base:18.0.1] AndroidManifest.xml:22:19-43
261            android:theme="@android:style/Theme.Translucent.NoTitleBar" />
261-->[com.google.android.gms:play-services-base:18.0.1] AndroidManifest.xml:21:19-78
262
263        <provider
263-->[com.google.firebase:firebase-common:20.4.2] AndroidManifest.xml:23:9-28:39
264            android:name="com.google.firebase.provider.FirebaseInitProvider"
264-->[com.google.firebase:firebase-common:20.4.2] AndroidManifest.xml:24:13-77
265            android:authorities="com.flutterflow.finwallet.firebaseinitprovider"
265-->[com.google.firebase:firebase-common:20.4.2] AndroidManifest.xml:25:13-72
266            android:directBootAware="true"
266-->[com.google.firebase:firebase-common:20.4.2] AndroidManifest.xml:26:13-43
267            android:exported="false"
267-->[com.google.firebase:firebase-common:20.4.2] AndroidManifest.xml:27:13-37
268            android:initOrder="100" />
268-->[com.google.firebase:firebase-common:20.4.2] AndroidManifest.xml:28:13-36
269
270        <meta-data
270-->[com.google.android.gms:play-services-basement:18.2.0] AndroidManifest.xml:21:9-23:69
271            android:name="com.google.android.gms.version"
271-->[com.google.android.gms:play-services-basement:18.2.0] AndroidManifest.xml:22:13-58
272            android:value="@integer/google_play_services_version" />
272-->[com.google.android.gms:play-services-basement:18.2.0] AndroidManifest.xml:23:13-66
273
274        <uses-library
274-->[androidx.window:window:1.0.0-beta04] AndroidManifest.xml:25:9-27:40
275            android:name="androidx.window.extensions"
275-->[androidx.window:window:1.0.0-beta04] AndroidManifest.xml:26:13-54
276            android:required="false" />
276-->[androidx.window:window:1.0.0-beta04] AndroidManifest.xml:27:13-37
277        <uses-library
277-->[androidx.window:window:1.0.0-beta04] AndroidManifest.xml:28:9-30:40
278            android:name="androidx.window.sidecar"
278-->[androidx.window:window:1.0.0-beta04] AndroidManifest.xml:29:13-51
279            android:required="false" />
279-->[androidx.window:window:1.0.0-beta04] AndroidManifest.xml:30:13-37
280
281        <provider
281-->[androidx.lifecycle:lifecycle-process:2.6.1] AndroidManifest.xml:24:9-32:20
282            android:name="androidx.startup.InitializationProvider"
282-->[androidx.lifecycle:lifecycle-process:2.6.1] AndroidManifest.xml:25:13-67
283            android:authorities="com.flutterflow.finwallet.androidx-startup"
283-->[androidx.lifecycle:lifecycle-process:2.6.1] AndroidManifest.xml:26:13-68
284            android:exported="false" >
284-->[androidx.lifecycle:lifecycle-process:2.6.1] AndroidManifest.xml:27:13-37
285            <meta-data